
breaking condition 2 motionbuffer = j
1.000000
 mbi = 0.000000
breaking condition 2 motionbuffer = j
1.000000
 mbi = 0.000000
breaking condition 2 motionbuffer = j
1.000000
 mbi = 0.000000
1.000000
 mbi = 0.000000
1.000000
 mbi = 0.000000
1.000000
 mbi = 0.000000
1.000000
 mbi = 0.000000
breaking condition 2 motionbuffer = j
1.000000
 mbi = 0.000000
breaking condition 2 motionbuffer = j
1.000000
 mbi = 3.000000
 mbi = 2.000000
 mbi = 1.000000
 mbi = 0.000000
breaking condition 2 motionbuffer = 

JJJk
1.000000
 mbi = 5.000000
 mbi = 4.000000
 mbi = 3.000000
 mbi = 2.000000
 mbi = 1.000000
 mbi = 0.000000
breaking condition 2 motionbuffer = j
1.000000
 mbi = 0.000000
1.000000
 mbi = 0.000000
1.000000
 mbi = 0.000000
1.000000
 mbi = 0.000000
breaking condition 2 motionbuffer = j
1.000000
 mbi = 0.000000
breaking condition 2 motionbuffer = j
1.000000
 mbi = 0.000000
breaking condition 2 motionbuffer = j
1.000000
 mbi = 0.000000
breaking condition 2 motionbuffer = j
1.000000
 mbi = 0.000000
breaking condition 2 motionbuffer = j
1.000000
 mbi = 0.000000
breaking condition 2 motionbuffer = j
1.000000
 mbi = 0.000000
breaking condition 2 motionbuffer = j
1.000000
 mbi = 0.000000
breaking condition 2 motionbuffer = j
1.000000
 mbi = 0.000000
breaking condition 2 motionbuffer = j
1.000000
 mbi = 0.000000
breaking condition 2 motionbuffer = j
1.000000
 mbi = 0.000000
breaking condition 2 motionbuffer = j
1.000000
 mbi = 0.000000
breaking condition 2 motionbuffer = j
1.000000
 mbi = 0.000000
breaking condition 2 motionbuffer = j
1.000000
 mbi = 0.000000
breaking condition 2 motionbuffer = j
1.000000
 mbi = 0.000000
breaking condition 2 motionbuffer = j
1.000000
 mbi = 0.000000
breaking condition 2 motionbuffer = j
1.000000
 mbi = 0.000000
breaking condition 2 motionbuffer = j
1.000000
 mbi = 0.000000
breaking condition 2 motionbuffer = j
1.000000
 mbi = 0.000000
breaking condition 2 motionbuffer = j
1.000000
 mbi = 0.000000
breaking condition 2 motionbuffer = j
1.000000
 mbi = 0.000000
breaking condition 2 motionbuffer = j
1.000000
 mbi = 0.000000
breaking condition 2 motionbuffer = j
1.000000
 mbi = 0.000000
breaking condition 2 motionbuffer = k
1.000000
 mbi = 0.000000
breaking condition 2 motionbuffer = k
1.000000
 mbi = 0.000000
breaking condition 2 motionbuffer = k
1.000000
 mbi = 0.000000
breaking condition 2 motionbuffer = k
1.000000
 mbi = 0.000000
breaking condition 2 motionbuffer = k
1.000000
 mbi = 0.000000
breaking condition 2 motionbuffer = k
1.000000
 mbi = 0.000000
breaking condition 2 motionbuffer = k
1.000000
 mbi = 0.000000
breaking condition 2 motionbuffer = k
1.000000
 mbi = 0.000000
1.000000
 mbi = 0.000000
1.000000
 mbi = 0.000000
breaking condition 2 motionbuffer = k
1.000000
 mbi = 0.000000
breaking condition 2 motionbuffer = k
1.000000
 mbi = 0.000000
breaking condition 2 motionbuffer = k
1.000000
 mbi = 0.000000
breaking condition 2 motionbuffer = k
1.000000
 mbi = 0.000000
breaking condition 2 motionbuffer = k
1.000000
 mbi = 0.000000
breaking condition 2 motionbuffer = k
1.000000
 mbi = 0.000000
breaking condition 2 motionbuffer = k
1.000000
 mbi = 0.000000
breaking condition 2 motionbuffer = k
1.000000
 mbi = 0.000000
breaking condition 2 motionbuffer = k
1.000000
 mbi = 0.000000
1.000000
 mbi = 0.000000
1.000000
 mbi = 0.000000